<?xml version="1.0" encoding="UTF-8"?>
<testng-results ignored="0" total="1" passed="1" failed="0" skipped="0">
  <reporter-output>
  </reporter-output>
  <suite started-at="2024-03-29T12:13:13 IST" name="Default suite" finished-at="2024-03-29T12:15:33 IST" duration-ms="140075">
    <groups>
    </groups>
    <test started-at="2024-03-29T12:13:13 IST" name="Default test" finished-at="2024-03-29T12:15:33 IST" duration-ms="140075">
      <class name="com.testrunner.UITestRunner">
        <test-method is-config="true" signature="beforeClass()[pri:0, instance:com.testrunner.UITestRunner@6f46426d]" started-at="2024-03-29T12:13:13 IST" name="beforeClass" finished-at="2024-03-29T12:13:14 IST" duration-ms="1562" status="PASS">
          <reporter-output>
          </reporter-output>
        </test-method> <!-- beforeClass -->
        <test-method is-config="true" signature="setup()[pri:0, instance:com.testrunner.UITestRunner@6f46426d]" started-at="2024-03-29T12:13:14 IST" name="setup" finished-at="2024-03-29T12:13:24 IST" duration-ms="9801" status="PASS">
          <reporter-output>
          </reporter-output>
        </test-method> <!-- setup -->
        <test-method signature="runScenario(io.cucumber.testng.PickleWrapper, java.lang.Object)[pri:0, instance:com.testrunner.UITestRunner@6f46426d]" started-at="2024-03-29T12:13:24 IST" name="runScenario" description="Scenario Name: " data-provider="scenarios" finished-at="2024-03-29T12:15:32 IST" duration-ms="127637" status="PASS">
          <params>
            <param index="0">
              <value>
                <![CDATA["Verify end to end flow dominos Order Multiple NonVeg pizza with Beverages without login"]]>
              </value>
            </param>
            <param index="1">
              <value>
                <![CDATA["Optional[Verify end to end flow dominos Order Multiple Nonveg pizza without login]"]]>
              </value>
            </param>
          </params>
          <reporter-output>
          </reporter-output>
        </test-method> <!-- runScenario -->
        <test-method is-config="true" signature="tearDown()[pri:0, instance:com.testrunner.UITestRunner@6f46426d]" started-at="2024-03-29T12:15:32 IST" name="tearDown" finished-at="2024-03-29T12:15:33 IST" duration-ms="865" status="PASS">
          <reporter-output>
          </reporter-output>
        </test-method> <!-- tearDown -->
        <test-method is-config="true" signature="afterClass()[pri:0, instance:com.testrunner.UITestRunner@6f46426d]" started-at="2024-03-29T12:15:33 IST" name="afterClass" finished-at="2024-03-29T12:15:33 IST" duration-ms="106" status="PASS">
          <reporter-output>
          </reporter-output>
        </test-method> <!-- afterClass -->
      </class> <!-- com.testrunner.UITestRunner -->
    </test> <!-- Default test -->
  </suite> <!-- Default suite -->
</testng-results>
